<?xml version="1.0" encoding="UTF-8"?>
<!-- Generated by org.testng.reporters.JUnitReportReporter -->
<testsuite name="Wikipedia.TestCases.Wiki_PositiveTest" tests="1" time="8.145" ignored="0" failures="0" timestamp="12 May 2018 10:38:20 GMT" skipped="0" hostname="LIN80016025" errors="0">
  <testcase name="assignment_Meth" time="8.145" classname="Wikipedia.TestCases.Wiki_PositiveTest"/>
</testsuite> <!-- Wikipedia.TestCases.Wiki_PositiveTest -->
